# JRE version: Java(TM) SE Runtime Environment (8.0_66-b17) (build 1.8.0_66-b17)
# Java VM: Java HotSpot(TM) Client VM (25.66-b17 mixed mode windows-x86 )
Heap:
 def new generation   total 39424K, used 35182K [0x05400000, 0x07ec0000, 0x0fea0000)
  eden space 35072K,  98% used [0x05400000, 0x075e0a38, 0x07640000)
  from space 4352K,  11% used [0x07640000, 0x076bb010, 0x07a80000)
  to   space 4352K,   0% used [0x07a80000, 0x07a80000, 0x07ec0000)
 tenured generation   total 87424K, used 31298K [0x0fea0000, 0x15400000, 0x25400000)
   the space 87424K,  35% used [0x0fea0000, 0x11d30b10, 0x11d30c00, 0x15400000)
 Metaspace       used 19011K, capacity 19451K, committed 19584K, reserved 19840K
GC Heap History (10 events):
Event: 690.898 GC heap before
{Heap before GC invocations=76 (full 1):
 def new generation   total 39424K, used 35072K [0x05400000, 0x07ec0000, 0x0fea0000)
  eden space 35072K, 100% used [0x05400000, 0x07640000, 0x07640000)
  from space 4352K,   0% used [0x07a80000, 0x07a803d0, 0x07ec0000)
  to   space 4352K,   0% used [0x07640000, 0x07640000, 0x07a80000)
 tenured generation   total 87424K, used 31298K [0x0fea0000, 0x15400000, 0x25400000)
   the space 87424K,  35% used [0x0fea0000, 0x11d30b10, 0x11d30c00, 0x15400000)
 Metaspace       used 18990K, capacity 19451K, committed 19584K, reserved 19840K
Event: 690.899 GC heap after
Heap after GC invocations=77 (full 1):
 def new generation   total 39424K, used 1K [0x05400000, 0x07ec0000, 0x0fea0000)
  eden space 35072K,   0% used [0x05400000, 0x05400000, 0x07640000)
  from space 4352K,   0% used [0x07640000, 0x07640428, 0x07a80000)
  to   space 4352K,   0% used [0x07a80000, 0x07a80000, 0x07ec0000)
 tenured generation   total 87424K, used 31298K [0x0fea0000, 0x15400000, 0x25400000)
   the space 87424K,  35% used [0x0fea0000, 0x11d30b10, 0x11d30c00, 0x15400000)
 Metaspace       used 18990K, capacity 19451K, committed 19584K, reserved 19840K
}
Event: 694.236 GC heap before
{Heap before GC invocations=77 (full 1):
 def new generation   total 39424K, used 35073K [0x05400000, 0x07ec0000, 0x0fea0000)
  eden space 35072K, 100% used [0x05400000, 0x07640000, 0x07640000)
  from space 4352K,   0% used [0x07640000, 0x07640428, 0x07a80000)
  to   space 4352K,   0% used [0x07a80000, 0x07a80000, 0x07ec0000)
 tenured generation   total 87424K, used 31298K [0x0fea0000, 0x15400000, 0x25400000)
   the space 87424K,  35% used [0x0fea0000, 0x11d30b10, 0x11d30c00, 0x15400000)
 Metaspace       used 18990K, capacity 19451K, committed 19584K, reserved 19840K
Event: 694.237 GC heap after
Heap after GC invocations=78 (full 1):
 def new generation   total 39424K, used 0K [0x05400000, 0x07ec0000, 0x0fea0000)
  eden space 35072K,   0% used [0x05400000, 0x05400000, 0x07640000)
  from space 4352K,   0% used [0x07a80000, 0x07a803c0, 0x07ec0000)
  to   space 4352K,   0% used [0x07640000, 0x07640000, 0x07a80000)
 tenured generation   total 87424K, used 31298K [0x0fea0000, 0x15400000, 0x25400000)
   the space 87424K,  35% used [0x0fea0000, 0x11d30b10, 0x11d30c00, 0x15400000)
 Metaspace       used 18990K, capacity 19451K, committed 19584K, reserved 19840K
}
Event: 697.655 GC heap before
{Heap before GC invocations=78 (full 1):
 def new generation   total 39424K, used 35072K [0x05400000, 0x07ec0000, 0x0fea0000)
  eden space 35072K, 100% used [0x05400000, 0x07640000, 0x07640000)
  from space 4352K,   0% used [0x07a80000, 0x07a803c0, 0x07ec0000)
  to   space 4352K,   0% used [0x07640000, 0x07640000, 0x07a80000)
 tenured generation   total 87424K, used 31298K [0x0fea0000, 0x15400000, 0x25400000)
   the space 87424K,  35% used [0x0fea0000, 0x11d30b10, 0x11d30c00, 0x15400000)
 Metaspace       used 18990K, capacity 19451K, committed 19584K, reserved 19840K
Event: 697.656 GC heap after
Heap after GC invocations=79 (full 1):
 def new generation   total 39424K, used 0K [0x05400000, 0x07ec0000, 0x0fea0000)
  eden space 35072K,   0% used [0x05400000, 0x05400000, 0x07640000)
  from space 4352K,   0% used [0x07640000, 0x076403f0, 0x07a80000)
  to   space 4352K,   0% used [0x07a80000, 0x07a80000, 0x07ec0000)
 tenured generation   total 87424K, used 31298K [0x0fea0000, 0x15400000, 0x25400000)
   the space 87424K,  35% used [0x0fea0000, 0x11d30b10, 0x11d30c00, 0x15400000)
 Metaspace       used 18990K, capacity 19451K, committed 19584K, reserved 19840K
}
Event: 700.652 GC heap before
{Heap before GC invocations=79 (full 1):
 def new generation   total 39424K, used 35072K [0x05400000, 0x07ec0000, 0x0fea0000)
  eden space 35072K, 100% used [0x05400000, 0x07640000, 0x07640000)
  from space 4352K,   0% used [0x07640000, 0x076403f0, 0x07a80000)
  to   space 4352K,   0% used [0x07a80000, 0x07a80000, 0x07ec0000)
 tenured generation   total 87424K, used 31298K [0x0fea0000, 0x15400000, 0x25400000)
   the space 87424K,  35% used [0x0fea0000, 0x11d30b10, 0x11d30c00, 0x15400000)
 Metaspace       used 18993K, capacity 19451K, committed 19584K, reserved 19840K
Event: 700.654 GC heap after
Heap after GC invocations=80 (full 1):
 def new generation   total 39424K, used 90K [0x05400000, 0x07ec0000, 0x0fea0000)
  eden space 35072K,   0% used [0x05400000, 0x05400000, 0x07640000)
  from space 4352K,   2% used [0x07a80000, 0x07a96a48, 0x07ec0000)
  to   space 4352K,   0% used [0x07640000, 0x07640000, 0x07a80000)
 tenured generation   total 87424K, used 31298K [0x0fea0000, 0x15400000, 0x25400000)
   the space 87424K,  35% used [0x0fea0000, 0x11d30b10, 0x11d30c00, 0x15400000)
 Metaspace       used 18993K, capacity 19451K, committed 19584K, reserved 19840K
}
Event: 1614.427 GC heap before
{Heap before GC invocations=80 (full 1):
 def new generation   total 39424K, used 35162K [0x05400000, 0x07ec0000, 0x0fea0000)
  eden space 35072K, 100% used [0x05400000, 0x07640000, 0x07640000)
  from space 4352K,   2% used [0x07a80000, 0x07a96a48, 0x07ec0000)
  to   space 4352K,   0% used [0x07640000, 0x07640000, 0x07a80000)
 tenured generation   total 87424K, used 31298K [0x0fea0000, 0x15400000, 0x25400000)
   the space 87424K,  35% used [0x0fea0000, 0x11d30b10, 0x11d30c00, 0x15400000)
 Metaspace       used 19011K, capacity 19451K, committed 19584K, reserved 19840K
Event: 1614.429 GC heap after
Heap after GC invocations=81 (full 1):
 def new generation   total 39424K, used 492K [0x05400000, 0x07ec0000, 0x0fea0000)
  eden space 35072K,   0% used [0x05400000, 0x05400000, 0x07640000)
  from space 4352K,  11% used [0x07640000, 0x076bb010, 0x07a80000)
  to   space 4352K,   0% used [0x07a80000, 0x07a80000, 0x07ec0000)
 tenured generation   total 87424K, used 31298K [0x0fea0000, 0x15400000, 0x25400000)
   the space 87424K,  35% used [0x0fea0000, 0x11d30b10, 0x11d30c00, 0x15400000)
 Metaspace       used 19011K, capacity 19451K, committed 19584K, reserved 19840K
}

