# JRE version: Java(TM) SE Runtime Environment (8.0_66-b17) (build 1.8.0_66-b17)
# Java VM: Java HotSpot(TM) Client VM (25.66-b17 mixed mode windows-x86 )
Heap:
 def new generation   total 39424K, used 7266K [0x05400000, 0x07ec0000, 0x0fea0000)
  eden space 35072K,  16% used [0x05400000, 0x059ccd18, 0x07640000)
  from space 4352K,  30% used [0x07a80000, 0x07bcbd90, 0x07ec0000)
  to   space 4352K,   0% used [0x07640000, 0x07640000, 0x07a80000)
 tenured generation   total 87424K, used 30934K [0x0fea0000, 0x15400000, 0x25400000)
   the space 87424K,  35% used [0x0fea0000, 0x11cd5a18, 0x11cd5c00, 0x15400000)
 Metaspace       used 18752K, capacity 19225K, committed 19328K, reserved 19840K
GC Heap History (10 events):
Event: 2265.994 GC heap before
{Heap before GC invocations=7 (full 1):
 def new generation   total 39424K, used 36359K [0x05400000, 0x07ec0000, 0x0fea0000)
  eden space 35072K, 100% used [0x05400000, 0x07640000, 0x07640000)
  from space 4352K,  29% used [0x07640000, 0x07781ce0, 0x07a80000)
  to   space 4352K,   0% used [0x07a80000, 0x07a80000, 0x07ec0000)
 tenured generation   total 87424K, used 30934K [0x0fea0000, 0x15400000, 0x25400000)
   the space 87424K,  35% used [0x0fea0000, 0x11cd5a18, 0x11cd5c00, 0x15400000)
 Metaspace       used 18573K, capacity 19005K, committed 19072K, reserved 19840K
Event: 2265.996 GC heap after
Heap after GC invocations=8 (full 1):
 def new generation   total 39424K, used 407K [0x05400000, 0x07ec0000, 0x0fea0000)
  eden space 35072K,   0% used [0x05400000, 0x05400000, 0x07640000)
  from space 4352K,   9% used [0x07a80000, 0x07ae5da8, 0x07ec0000)
  to   space 4352K,   0% used [0x07640000, 0x07640000, 0x07a80000)
 tenured generation   total 87424K, used 30934K [0x0fea0000, 0x15400000, 0x25400000)
   the space 87424K,  35% used [0x0fea0000, 0x11cd5a18, 0x11cd5c00, 0x15400000)
 Metaspace       used 18573K, capacity 19005K, committed 19072K, reserved 19840K
}
Event: 3405.822 GC heap before
{Heap before GC invocations=8 (full 1):
 def new generation   total 39424K, used 35479K [0x05400000, 0x07ec0000, 0x0fea0000)
  eden space 35072K, 100% used [0x05400000, 0x07640000, 0x07640000)
  from space 4352K,   9% used [0x07a80000, 0x07ae5da8, 0x07ec0000)
  to   space 4352K,   0% used [0x07640000, 0x07640000, 0x07a80000)
 tenured generation   total 87424K, used 30934K [0x0fea0000, 0x15400000, 0x25400000)
   the space 87424K,  35% used [0x0fea0000, 0x11cd5a18, 0x11cd5c00, 0x15400000)
 Metaspace       used 18573K, capacity 19005K, committed 19072K, reserved 19840K
Event: 3405.824 GC heap after
Heap after GC invocations=9 (full 1):
 def new generation   total 39424K, used 304K [0x05400000, 0x07ec0000, 0x0fea0000)
  eden space 35072K,   0% used [0x05400000, 0x05400000, 0x07640000)
  from space 4352K,   6% used [0x07640000, 0x0768c288, 0x07a80000)
  to   space 4352K,   0% used [0x07a80000, 0x07a80000, 0x07ec0000)
 tenured generation   total 87424K, used 30934K [0x0fea0000, 0x15400000, 0x25400000)
   the space 87424K,  35% used [0x0fea0000, 0x11cd5a18, 0x11cd5c00, 0x15400000)
 Metaspace       used 18573K, capacity 19005K, committed 19072K, reserved 19840K
}
Event: 3680.022 GC heap before
{Heap before GC invocations=9 (full 1):
 def new generation   total 39424K, used 35376K [0x05400000, 0x07ec0000, 0x0fea0000)
  eden space 35072K, 100% used [0x05400000, 0x07640000, 0x07640000)
  from space 4352K,   6% used [0x07640000, 0x0768c288, 0x07a80000)
  to   space 4352K,   0% used [0x07a80000, 0x07a80000, 0x07ec0000)
 tenured generation   total 87424K, used 30934K [0x0fea0000, 0x15400000, 0x25400000)
   the space 87424K,  35% used [0x0fea0000, 0x11cd5a18, 0x11cd5c00, 0x15400000)
 Metaspace       used 18576K, capacity 19008K, committed 19072K, reserved 19840K
Event: 3680.025 GC heap after
Heap after GC invocations=10 (full 1):
 def new generation   total 39424K, used 788K [0x05400000, 0x07ec0000, 0x0fea0000)
  eden space 35072K,   0% used [0x05400000, 0x05400000, 0x07640000)
  from space 4352K,  18% used [0x07a80000, 0x07b45390, 0x07ec0000)
  to   space 4352K,   0% used [0x07640000, 0x07640000, 0x07a80000)
 tenured generation   total 87424K, used 30934K [0x0fea0000, 0x15400000, 0x25400000)
   the space 87424K,  35% used [0x0fea0000, 0x11cd5a18, 0x11cd5c00, 0x15400000)
 Metaspace       used 18576K, capacity 19008K, committed 19072K, reserved 19840K
}
Event: 4743.944 GC heap before
{Heap before GC invocations=10 (full 1):
 def new generation   total 39424K, used 35860K [0x05400000, 0x07ec0000, 0x0fea0000)
  eden space 35072K, 100% used [0x05400000, 0x07640000, 0x07640000)
  from space 4352K,  18% used [0x07a80000, 0x07b45390, 0x07ec0000)
  to   space 4352K,   0% used [0x07640000, 0x07640000, 0x07a80000)
 tenured generation   total 87424K, used 30934K [0x0fea0000, 0x15400000, 0x25400000)
   the space 87424K,  35% used [0x0fea0000, 0x11cd5a18, 0x11cd5c00, 0x15400000)
 Metaspace       used 18576K, capacity 19008K, committed 19072K, reserved 19840K
Event: 4743.946 GC heap after
Heap after GC invocations=11 (full 1):
 def new generation   total 39424K, used 827K [0x05400000, 0x07ec0000, 0x0fea0000)
  eden space 35072K,   0% used [0x05400000, 0x05400000, 0x07640000)
  from space 4352K,  19% used [0x07640000, 0x0770ef48, 0x07a80000)
  to   space 4352K,   0% used [0x07a80000, 0x07a80000, 0x07ec0000)
 tenured generation   total 87424K, used 30934K [0x0fea0000, 0x15400000, 0x25400000)
   the space 87424K,  35% used [0x0fea0000, 0x11cd5a18, 0x11cd5c00, 0x15400000)
 Metaspace       used 18576K, capacity 19008K, committed 19072K, reserved 19840K
}
Event: 5278.907 GC heap before
{Heap before GC invocations=11 (full 1):
 def new generation   total 39424K, used 35899K [0x05400000, 0x07ec0000, 0x0fea0000)
  eden space 35072K, 100% used [0x05400000, 0x07640000, 0x07640000)
  from space 4352K,  19% used [0x07640000, 0x0770ef48, 0x07a80000)
  to   space 4352K,   0% used [0x07a80000, 0x07a80000, 0x07ec0000)
 tenured generation   total 87424K, used 30934K [0x0fea0000, 0x15400000, 0x25400000)
   the space 87424K,  35% used [0x0fea0000, 0x11cd5a18, 0x11cd5c00, 0x15400000)
 Metaspace       used 18749K, capacity 19225K, committed 19328K, reserved 19840K
Event: 5278.912 GC heap after
Heap after GC invocations=12 (full 1):
 def new generation   total 39424K, used 1327K [0x05400000, 0x07ec0000, 0x0fea0000)
  eden space 35072K,   0% used [0x05400000, 0x05400000, 0x07640000)
  from space 4352K,  30% used [0x07a80000, 0x07bcbd90, 0x07ec0000)
  to   space 4352K,   0% used [0x07640000, 0x07640000, 0x07a80000)
 tenured generation   total 87424K, used 30934K [0x0fea0000, 0x15400000, 0x25400000)
   the space 87424K,  35% used [0x0fea0000, 0x11cd5a18, 0x11cd5c00, 0x15400000)
 Metaspace       used 18749K, capacity 19225K, committed 19328K, reserved 19840K
}

