# JRE version: Java(TM) SE Runtime Environment (8.0_66-b17) (build 1.8.0_66-b17)
# Java VM: Java HotSpot(TM) Client VM (25.66-b17 mixed mode windows-x86 )
Heap:
 def new generation   total 39424K, used 16094K [0x05000000, 0x07ac0000, 0x0faa0000)
  eden space 35072K,  34% used [0x05000000, 0x05bc6530, 0x07240000)
  from space 4352K,  92% used [0x07240000, 0x076315b0, 0x07680000)
  to   space 4352K,   0% used [0x07680000, 0x07680000, 0x07ac0000)
 tenured generation   total 87424K, used 23089K [0x0faa0000, 0x15000000, 0x25000000)
   the space 87424K,  26% used [0x0faa0000, 0x1112c430, 0x1112c600, 0x15000000)
 Metaspace       used 18168K, capacity 18579K, committed 18688K, reserved 18816K
GC Heap History (10 events):
Event: 1.126 GC heap before
{Heap before GC invocations=0 (full 0):
 def new generation   total 39296K, used 34944K [0x05000000, 0x07aa0000, 0x0faa0000)
  eden space 34944K, 100% used [0x05000000, 0x07220000, 0x07220000)
  from space 4352K,   0% used [0x07220000, 0x07220000, 0x07660000)
  to   space 4352K,   0% used [0x07660000, 0x07660000, 0x07aa0000)
 tenured generation   total 87424K, used 0K [0x0faa0000, 0x15000000, 0x25000000)
   the space 87424K,   0% used [0x0faa0000, 0x0faa0000, 0x0faa0200, 0x15000000)
 Metaspace       used 8262K, capacity 8462K, committed 8576K, reserved 8576K
Event: 1.142 GC heap after
Heap after GC invocations=1 (full 0):
 def new generation   total 39296K, used 4352K [0x05000000, 0x07aa0000, 0x0faa0000)
  eden space 34944K,   0% used [0x05000000, 0x05000000, 0x07220000)
  from space 4352K, 100% used [0x07660000, 0x07aa0000, 0x07aa0000)
  to   space 4352K,   0% used [0x07220000, 0x07220000, 0x07660000)
 tenured generation   total 87424K, used 2130K [0x0faa0000, 0x15000000, 0x25000000)
   the space 87424K,   2% used [0x0faa0000, 0x0fcb4950, 0x0fcb4a00, 0x15000000)
 Metaspace       used 8262K, capacity 8462K, committed 8576K, reserved 8576K
}
Event: 1.790 GC heap before
{Heap before GC invocations=1 (full 0):
 def new generation   total 39296K, used 39296K [0x05000000, 0x07aa0000, 0x0faa0000)
  eden space 34944K, 100% used [0x05000000, 0x07220000, 0x07220000)
  from space 4352K, 100% used [0x07660000, 0x07aa0000, 0x07aa0000)
  to   space 4352K,   0% used [0x07220000, 0x07220000, 0x07660000)
 tenured generation   total 87424K, used 2130K [0x0faa0000, 0x15000000, 0x25000000)
   the space 87424K,   2% used [0x0faa0000, 0x0fcb4950, 0x0fcb4a00, 0x15000000)
 Metaspace       used 11619K, capacity 11959K, committed 12032K, reserved 12672K
Event: 1.814 GC heap after
Heap after GC invocations=2 (full 0):
 def new generation   total 39296K, used 4352K [0x05000000, 0x07aa0000, 0x0faa0000)
  eden space 34944K,   0% used [0x05000000, 0x05000000, 0x07220000)
  from space 4352K, 100% used [0x07220000, 0x07660000, 0x07660000)
  to   space 4352K,   0% used [0x07660000, 0x07660000, 0x07aa0000)
 tenured generation   total 87424K, used 11101K [0x0faa0000, 0x15000000, 0x25000000)
   the space 87424K,  12% used [0x0faa0000, 0x105775e8, 0x10577600, 0x15000000)
 Metaspace       used 11619K, capacity 11959K, committed 12032K, reserved 12672K
}
Event: 1.949 GC heap before
{Heap before GC invocations=2 (full 0):
 def new generation   total 39296K, used 12953K [0x05000000, 0x07aa0000, 0x0faa0000)
  eden space 34944K,  24% used [0x05000000, 0x058664f0, 0x07220000)
  from space 4352K, 100% used [0x07220000, 0x07660000, 0x07660000)
  to   space 4352K,   0% used [0x07660000, 0x07660000, 0x07aa0000)
 tenured generation   total 87424K, used 11101K [0x0faa0000, 0x15000000, 0x25000000)
   the space 87424K,  12% used [0x0faa0000, 0x105775e8, 0x10577600, 0x15000000)
 Metaspace       used 11915K, capacity 12255K, committed 12288K, reserved 12672K
Event: 1.976 GC heap after
Heap after GC invocations=3 (full 1):
 def new generation   total 39424K, used 0K [0x05000000, 0x07ac0000, 0x0faa0000)
  eden space 35072K,   0% used [0x05000000, 0x05000000, 0x07240000)
  from space 4352K,   0% used [0x07240000, 0x07240000, 0x07680000)
  to   space 4352K,   0% used [0x07680000, 0x07680000, 0x07ac0000)
 tenured generation   total 87424K, used 16335K [0x0faa0000, 0x15000000, 0x25000000)
   the space 87424K,  18% used [0x0faa0000, 0x10a93d40, 0x10a93e00, 0x15000000)
 Metaspace       used 11915K, capacity 12255K, committed 12288K, reserved 12672K
}
Event: 2.890 GC heap before
{Heap before GC invocations=3 (full 1):
 def new generation   total 39424K, used 35072K [0x05000000, 0x07ac0000, 0x0faa0000)
  eden space 35072K, 100% used [0x05000000, 0x07240000, 0x07240000)
  from space 4352K,   0% used [0x07240000, 0x07240000, 0x07680000)
  to   space 4352K,   0% used [0x07680000, 0x07680000, 0x07ac0000)
 tenured generation   total 87424K, used 16335K [0x0faa0000, 0x15000000, 0x25000000)
   the space 87424K,  18% used [0x0faa0000, 0x10a93d40, 0x10a93e00, 0x15000000)
 Metaspace       used 15862K, capacity 16252K, committed 16256K, reserved 16768K
Event: 2.902 GC heap after
Heap after GC invocations=4 (full 1):
 def new generation   total 39424K, used 4352K [0x05000000, 0x07ac0000, 0x0faa0000)
  eden space 35072K,   0% used [0x05000000, 0x05000000, 0x07240000)
  from space 4352K, 100% used [0x07680000, 0x07ac0000, 0x07ac0000)
  to   space 4352K,   0% used [0x07240000, 0x07240000, 0x07680000)
 tenured generation   total 87424K, used 17621K [0x0faa0000, 0x15000000, 0x25000000)
   the space 87424K,  20% used [0x0faa0000, 0x10bd54f0, 0x10bd5600, 0x15000000)
 Metaspace       used 15862K, capacity 16252K, committed 16256K, reserved 16768K
}
Event: 118.306 GC heap before
{Heap before GC invocations=4 (full 1):
 def new generation   total 39424K, used 39424K [0x05000000, 0x07ac0000, 0x0faa0000)
  eden space 35072K, 100% used [0x05000000, 0x07240000, 0x07240000)
  from space 4352K, 100% used [0x07680000, 0x07ac0000, 0x07ac0000)
  to   space 4352K,   0% used [0x07240000, 0x07240000, 0x07680000)
 tenured generation   total 87424K, used 17621K [0x0faa0000, 0x15000000, 0x25000000)
   the space 87424K,  20% used [0x0faa0000, 0x10bd54f0, 0x10bd5600, 0x15000000)
 Metaspace       used 18150K, capacity 18579K, committed 18688K, reserved 18816K
Event: 118.321 GC heap after
Heap after GC invocations=5 (full 1):
 def new generation   total 39424K, used 4037K [0x05000000, 0x07ac0000, 0x0faa0000)
  eden space 35072K,   0% used [0x05000000, 0x05000000, 0x07240000)
  from space 4352K,  92% used [0x07240000, 0x076315b0, 0x07680000)
  to   space 4352K,   0% used [0x07680000, 0x07680000, 0x07ac0000)
 tenured generation   total 87424K, used 23089K [0x0faa0000, 0x15000000, 0x25000000)
   the space 87424K,  26% used [0x0faa0000, 0x1112c430, 0x1112c600, 0x15000000)
 Metaspace       used 18150K, capacity 18579K, committed 18688K, reserved 18816K
}

