# JRE version: Java(TM) SE Runtime Environment (8.0_66-b17) (build 1.8.0_66-b17)
# Java VM: Java HotSpot(TM) Client VM (25.66-b17 mixed mode windows-x86 )
Heap:
 def new generation   total 39424K, used 13419K [0x0c400000, 0x0eec0000, 0x16ea0000)
  eden space 35072K,  35% used [0x0c400000, 0x0d039840, 0x0e640000)
  from space 4352K,  20% used [0x0e640000, 0x0e7215a0, 0x0ea80000)
  to   space 4352K,   0% used [0x0ea80000, 0x0ea80000, 0x0eec0000)
 tenured generation   total 87424K, used 25909K [0x16ea0000, 0x1c400000, 0x2c400000)
   the space 87424K,  29% used [0x16ea0000, 0x187ed468, 0x187ed600, 0x1c400000)
 Metaspace       used 18442K, capacity 18875K, committed 18944K, reserved 19840K
GC Heap History (10 events):
Event: 10.191 GC heap before
{Heap before GC invocations=2 (full 0):
 def new generation   total 39296K, used 20160K [0x0c400000, 0x0eea0000, 0x16ea0000)
  eden space 34944K,  45% used [0x0c400000, 0x0d370208, 0x0e620000)
  from space 4352K, 100% used [0x0e620000, 0x0ea60000, 0x0ea60000)
  to   space 4352K,   0% used [0x0ea60000, 0x0ea60000, 0x0eea0000)
 tenured generation   total 87424K, used 10332K [0x16ea0000, 0x1c400000, 0x2c400000)
   the space 87424K,  11% used [0x16ea0000, 0x178b7388, 0x178b7400, 0x1c400000)
 Metaspace       used 11928K, capacity 12280K, committed 12288K, reserved 12672K
Event: 10.236 GC heap after
Heap after GC invocations=3 (full 1):
 def new generation   total 39424K, used 0K [0x0c400000, 0x0eec0000, 0x16ea0000)
  eden space 35072K,   0% used [0x0c400000, 0x0c400000, 0x0e640000)
  from space 4352K,   0% used [0x0e640000, 0x0e640000, 0x0ea80000)
  to   space 4352K,   0% used [0x0ea80000, 0x0ea80000, 0x0eec0000)
 tenured generation   total 87424K, used 16584K [0x16ea0000, 0x1c400000, 0x2c400000)
   the space 87424K,  18% used [0x16ea0000, 0x17ed20e0, 0x17ed2200, 0x1c400000)
 Metaspace       used 11928K, capacity 12280K, committed 12288K, reserved 12672K
}
Event: 12.344 GC heap before
{Heap before GC invocations=3 (full 1):
 def new generation   total 39424K, used 33042K [0x0c400000, 0x0eec0000, 0x16ea0000)
  eden space 35072K,  94% used [0x0c400000, 0x0e444908, 0x0e640000)
  from space 4352K,   0% used [0x0e640000, 0x0e640000, 0x0ea80000)
  to   space 4352K,   0% used [0x0ea80000, 0x0ea80000, 0x0eec0000)
 tenured generation   total 87424K, used 16584K [0x16ea0000, 0x1c400000, 0x2c400000)
   the space 87424K,  18% used [0x16ea0000, 0x17ed20e0, 0x17ed2200, 0x1c400000)
 Metaspace       used 17180K, capacity 17584K, committed 17664K, reserved 17792K
Event: 12.358 GC heap after
Heap after GC invocations=4 (full 1):
 def new generation   total 39424K, used 4352K [0x0c400000, 0x0eec0000, 0x16ea0000)
  eden space 35072K,   0% used [0x0c400000, 0x0c400000, 0x0e640000)
  from space 4352K, 100% used [0x0ea80000, 0x0eec0000, 0x0eec0000)
  to   space 4352K,   0% used [0x0e640000, 0x0e640000, 0x0ea80000)
 tenured generation   total 87424K, used 18351K [0x16ea0000, 0x1c400000, 0x2c400000)
   the space 87424K,  20% used [0x16ea0000, 0x1808bd40, 0x1808be00, 0x1c400000)
 Metaspace       used 17180K, capacity 17584K, committed 17664K, reserved 17792K
}
Event: 101.087 GC heap before
{Heap before GC invocations=4 (full 1):
 def new generation   total 39424K, used 39424K [0x0c400000, 0x0eec0000, 0x16ea0000)
  eden space 35072K, 100% used [0x0c400000, 0x0e640000, 0x0e640000)
  from space 4352K, 100% used [0x0ea80000, 0x0eec0000, 0x0eec0000)
  to   space 4352K,   0% used [0x0e640000, 0x0e640000, 0x0ea80000)
 tenured generation   total 87424K, used 18351K [0x16ea0000, 0x1c400000, 0x2c400000)
   the space 87424K,  20% used [0x16ea0000, 0x1808bd40, 0x1808be00, 0x1c400000)
 Metaspace       used 18171K, capacity 18611K, committed 18688K, reserved 18816K
Event: 101.109 GC heap after
Heap after GC invocations=5 (full 1):
 def new generation   total 39424K, used 2382K [0x0c400000, 0x0eec0000, 0x16ea0000)
  eden space 35072K,   0% used [0x0c400000, 0x0c400000, 0x0e640000)
  from space 4352K,  54% used [0x0e640000, 0x0e893920, 0x0ea80000)
  to   space 4352K,   0% used [0x0ea80000, 0x0ea80000, 0x0eec0000)
 tenured generation   total 87424K, used 24197K [0x16ea0000, 0x1c400000, 0x2c400000)
   the space 87424K,  27% used [0x16ea0000, 0x18641570, 0x18641600, 0x1c400000)
 Metaspace       used 18171K, capacity 18611K, committed 18688K, reserved 18816K
}
Event: 750.212 GC heap before
{Heap before GC invocations=5 (full 1):
 def new generation   total 39424K, used 37454K [0x0c400000, 0x0eec0000, 0x16ea0000)
  eden space 35072K, 100% used [0x0c400000, 0x0e640000, 0x0e640000)
  from space 4352K,  54% used [0x0e640000, 0x0e893920, 0x0ea80000)
  to   space 4352K,   0% used [0x0ea80000, 0x0ea80000, 0x0eec0000)
 tenured generation   total 87424K, used 24197K [0x16ea0000, 0x1c400000, 0x2c400000)
   the space 87424K,  27% used [0x16ea0000, 0x18641570, 0x18641600, 0x1c400000)
 Metaspace       used 18171K, capacity 18611K, committed 18688K, reserved 18816K
Event: 750.218 GC heap after
Heap after GC invocations=6 (full 1):
 def new generation   total 39424K, used 73K [0x0c400000, 0x0eec0000, 0x16ea0000)
  eden space 35072K,   0% used [0x0c400000, 0x0c400000, 0x0e640000)
  from space 4352K,   1% used [0x0ea80000, 0x0ea92490, 0x0eec0000)
  to   space 4352K,   0% used [0x0e640000, 0x0e640000, 0x0ea80000)
 tenured generation   total 87424K, used 25909K [0x16ea0000, 0x1c400000, 0x2c400000)
   the space 87424K,  29% used [0x16ea0000, 0x187ed468, 0x187ed600, 0x1c400000)
 Metaspace       used 18171K, capacity 18611K, committed 18688K, reserved 18816K
}
Event: 1810.746 GC heap before
{Heap before GC invocations=6 (full 1):
 def new generation   total 39424K, used 35145K [0x0c400000, 0x0eec0000, 0x16ea0000)
  eden space 35072K, 100% used [0x0c400000, 0x0e640000, 0x0e640000)
  from space 4352K,   1% used [0x0ea80000, 0x0ea92490, 0x0eec0000)
  to   space 4352K,   0% used [0x0e640000, 0x0e640000, 0x0ea80000)
 tenured generation   total 87424K, used 25909K [0x16ea0000, 0x1c400000, 0x2c400000)
   the space 87424K,  29% used [0x16ea0000, 0x187ed468, 0x187ed600, 0x1c400000)
 Metaspace       used 18412K, capacity 18840K, committed 18944K, reserved 19840K
Event: 1810.749 GC heap after
Heap after GC invocations=7 (full 1):
 def new generation   total 39424K, used 901K [0x0c400000, 0x0eec0000, 0x16ea0000)
  eden space 35072K,   0% used [0x0c400000, 0x0c400000, 0x0e640000)
  from space 4352K,  20% used [0x0e640000, 0x0e7215a0, 0x0ea80000)
  to   space 4352K,   0% used [0x0ea80000, 0x0ea80000, 0x0eec0000)
 tenured generation   total 87424K, used 25909K [0x16ea0000, 0x1c400000, 0x2c400000)
   the space 87424K,  29% used [0x16ea0000, 0x187ed468, 0x187ed600, 0x1c400000)
 Metaspace       used 18412K, capacity 18840K, committed 18944K, reserved 19840K
}

