# JRE version: Java(TM) SE Runtime Environment (8.0_66-b17) (build 1.8.0_66-b17)
# Java VM: Java HotSpot(TM) Client VM (25.66-b17 mixed mode windows-x86 )
Heap:
 def new generation   total 39424K, used 1587K [0x04e00000, 0x078c0000, 0x0f8a0000)
  eden space 35072K,   3% used [0x04e00000, 0x04f5d9b0, 0x07040000)
  from space 4352K,   4% used [0x07480000, 0x074af498, 0x078c0000)
  to   space 4352K,   0% used [0x07040000, 0x07040000, 0x07480000)
 tenured generation   total 87424K, used 32879K [0x0f8a0000, 0x14e00000, 0x24e00000)
   the space 87424K,  37% used [0x0f8a0000, 0x118bbf80, 0x118bc000, 0x14e00000)
 Metaspace       used 18804K, capacity 19254K, committed 19328K, reserved 19840K
GC Heap History (10 events):
Event: 771.168 GC heap before
{Heap before GC invocations=182 (full 1):
 def new generation   total 39424K, used 35241K [0x04e00000, 0x078c0000, 0x0f8a0000)
  eden space 35072K, 100% used [0x04e00000, 0x07040000, 0x07040000)
  from space 4352K,   3% used [0x07480000, 0x074aa770, 0x078c0000)
  to   space 4352K,   0% used [0x07040000, 0x07040000, 0x07480000)
 tenured generation   total 87424K, used 32879K [0x0f8a0000, 0x14e00000, 0x24e00000)
   the space 87424K,  37% used [0x0f8a0000, 0x118bbf80, 0x118bc000, 0x14e00000)
 Metaspace       used 18804K, capacity 19254K, committed 19328K, reserved 19840K
Event: 771.170 GC heap after
Heap after GC invocations=183 (full 1):
 def new generation   total 39424K, used 196K [0x04e00000, 0x078c0000, 0x0f8a0000)
  eden space 35072K,   0% used [0x04e00000, 0x04e00000, 0x07040000)
  from space 4352K,   4% used [0x07040000, 0x07071390, 0x07480000)
  to   space 4352K,   0% used [0x07480000, 0x07480000, 0x078c0000)
 tenured generation   total 87424K, used 32879K [0x0f8a0000, 0x14e00000, 0x24e00000)
   the space 87424K,  37% used [0x0f8a0000, 0x118bbf80, 0x118bc000, 0x14e00000)
 Metaspace       used 18804K, capacity 19254K, committed 19328K, reserved 19840K
}
Event: 774.282 GC heap before
{Heap before GC invocations=183 (full 1):
 def new generation   total 39424K, used 35268K [0x04e00000, 0x078c0000, 0x0f8a0000)
  eden space 35072K, 100% used [0x04e00000, 0x07040000, 0x07040000)
  from space 4352K,   4% used [0x07040000, 0x07071390, 0x07480000)
  to   space 4352K,   0% used [0x07480000, 0x07480000, 0x078c0000)
 tenured generation   total 87424K, used 32879K [0x0f8a0000, 0x14e00000, 0x24e00000)
   the space 87424K,  37% used [0x0f8a0000, 0x118bbf80, 0x118bc000, 0x14e00000)
 Metaspace       used 18804K, capacity 19254K, committed 19328K, reserved 19840K
Event: 774.284 GC heap after
Heap after GC invocations=184 (full 1):
 def new generation   total 39424K, used 198K [0x04e00000, 0x078c0000, 0x0f8a0000)
  eden space 35072K,   0% used [0x04e00000, 0x04e00000, 0x07040000)
  from space 4352K,   4% used [0x07480000, 0x074b1aa8, 0x078c0000)
  to   space 4352K,   0% used [0x07040000, 0x07040000, 0x07480000)
 tenured generation   total 87424K, used 32879K [0x0f8a0000, 0x14e00000, 0x24e00000)
   the space 87424K,  37% used [0x0f8a0000, 0x118bbf80, 0x118bc000, 0x14e00000)
 Metaspace       used 18804K, capacity 19254K, committed 19328K, reserved 19840K
}
Event: 777.643 GC heap before
{Heap before GC invocations=184 (full 1):
 def new generation   total 39424K, used 35270K [0x04e00000, 0x078c0000, 0x0f8a0000)
  eden space 35072K, 100% used [0x04e00000, 0x07040000, 0x07040000)
  from space 4352K,   4% used [0x07480000, 0x074b1aa8, 0x078c0000)
  to   space 4352K,   0% used [0x07040000, 0x07040000, 0x07480000)
 tenured generation   total 87424K, used 32879K [0x0f8a0000, 0x14e00000, 0x24e00000)
   the space 87424K,  37% used [0x0f8a0000, 0x118bbf80, 0x118bc000, 0x14e00000)
 Metaspace       used 18804K, capacity 19254K, committed 19328K, reserved 19840K
Event: 777.645 GC heap after
Heap after GC invocations=185 (full 1):
 def new generation   total 39424K, used 198K [0x04e00000, 0x078c0000, 0x0f8a0000)
  eden space 35072K,   0% used [0x04e00000, 0x04e00000, 0x07040000)
  from space 4352K,   4% used [0x07040000, 0x07071b58, 0x07480000)
  to   space 4352K,   0% used [0x07480000, 0x07480000, 0x078c0000)
 tenured generation   total 87424K, used 32879K [0x0f8a0000, 0x14e00000, 0x24e00000)
   the space 87424K,  37% used [0x0f8a0000, 0x118bbf80, 0x118bc000, 0x14e00000)
 Metaspace       used 18804K, capacity 19254K, committed 19328K, reserved 19840K
}
Event: 780.357 GC heap before
{Heap before GC invocations=185 (full 1):
 def new generation   total 39424K, used 35270K [0x04e00000, 0x078c0000, 0x0f8a0000)
  eden space 35072K, 100% used [0x04e00000, 0x07040000, 0x07040000)
  from space 4352K,   4% used [0x07040000, 0x07071b58, 0x07480000)
  to   space 4352K,   0% used [0x07480000, 0x07480000, 0x078c0000)
 tenured generation   total 87424K, used 32879K [0x0f8a0000, 0x14e00000, 0x24e00000)
   the space 87424K,  37% used [0x0f8a0000, 0x118bbf80, 0x118bc000, 0x14e00000)
 Metaspace       used 18804K, capacity 19254K, committed 19328K, reserved 19840K
Event: 780.359 GC heap after
Heap after GC invocations=186 (full 1):
 def new generation   total 39424K, used 189K [0x04e00000, 0x078c0000, 0x0f8a0000)
  eden space 35072K,   0% used [0x04e00000, 0x04e00000, 0x07040000)
  from space 4352K,   4% used [0x07480000, 0x074af6b8, 0x078c0000)
  to   space 4352K,   0% used [0x07040000, 0x07040000, 0x07480000)
 tenured generation   total 87424K, used 32879K [0x0f8a0000, 0x14e00000, 0x24e00000)
   the space 87424K,  37% used [0x0f8a0000, 0x118bbf80, 0x118bc000, 0x14e00000)
 Metaspace       used 18804K, capacity 19254K, committed 19328K, reserved 19840K
}
Event: 783.064 GC heap before
{Heap before GC invocations=186 (full 1):
 def new generation   total 39424K, used 35261K [0x04e00000, 0x078c0000, 0x0f8a0000)
  eden space 35072K, 100% used [0x04e00000, 0x07040000, 0x07040000)
  from space 4352K,   4% used [0x07480000, 0x074af6b8, 0x078c0000)
  to   space 4352K,   0% used [0x07040000, 0x07040000, 0x07480000)
 tenured generation   total 87424K, used 32879K [0x0f8a0000, 0x14e00000, 0x24e00000)
   the space 87424K,  37% used [0x0f8a0000, 0x118bbf80, 0x118bc000, 0x14e00000)
 Metaspace       used 18804K, capacity 19254K, committed 19328K, reserved 19840K
Event: 783.066 GC heap after
Heap after GC invocations=187 (full 1):
 def new generation   total 39424K, used 189K [0x04e00000, 0x078c0000, 0x0f8a0000)
  eden space 35072K,   0% used [0x04e00000, 0x04e00000, 0x07040000)
  from space 4352K,   4% used [0x07040000, 0x0706f568, 0x07480000)
  to   space 4352K,   0% used [0x07480000, 0x07480000, 0x078c0000)
 tenured generation   total 87424K, used 32879K [0x0f8a0000, 0x14e00000, 0x24e00000)
   the space 87424K,  37% used [0x0f8a0000, 0x118bbf80, 0x118bc000, 0x14e00000)
 Metaspace       used 18804K, capacity 19254K, committed 19328K, reserved 19840K
}

